make.exe all -f c:\Users\flavi\Documents\Aeds_Pratica\tp02-flavia_larissa\${workspace} --print-data-base --no-builtin-variables --no-builtin-rules --question
# GNU Make 4.4.1
# Built for x86_64-pc-cygwin
# Copyright (C) 1988-2023 Free Software Foundation, Inc.
# License GPLv3+: GNU GPL version 3 or later <https://gnu.org/licenses/gpl.html>
# This is free software: you are free to change and redistribute it.
# There is NO WARRANTY, to the extent permitted by law.
 
make: c:\Users\flavi\Documents\Aeds_Pratica\tp02-flavia_larissa\$workspace: No such file or directory
make: *** No rule to make target 'c:\Users\flavi\Documents\Aeds_Pratica\tp02-flavia_larissa\$workspace'.  Stop.


# Make data base, printed on Wed Oct  9 11:37:17 2024

# Variables

# environment
SYSTEMDRIVE = C:
# environment
JAVA_HOME = C:\Program Files\Java\jdk-21\bin
# environment
LC_ALL = C
# environment
USERPROFILE = C:\Users\flavi
# environment
LOCALAPPDATA = C:\Users\flavi\AppData\Local
# environment
VSCODE_CRASH_REPORTER_PROCESS_TYPE = extensionHost
# environment
VSCODE_CWD = C:\Users\flavi\Documents\Aeds_Pratica\tp02-flavia_larissa
# environment
SYSTEMROOT = C:\WINDOWS
# environment
PROCESSOR_LEVEL = 23
# environment
PSMODULEPATH = C:\Program Files\WindowsPowerShell\Modules;C:\WINDOWS\system32\WindowsPowerShell\v1.0\Modules
# default
MAKE_COMMAND := make
# automatic
@D = $(patsubst %/,%,$(dir $@))
# environment
CHROME_CRASHPAD_PIPE_NAME = \\.\pipe\crashpad_79564_PNQSEBYDZRYDUAUG
# environment
ONEDRIVECOMMERCIAL = C:\Users\flavi\OneDrive - 4krnhf
# environment
VSCODE_HANDLES_UNCAUGHT_ERRORS = true
# default
.VARIABLES := 
# automatic
%D = $(patsubst %/,%,$(dir $%))
# automatic
^D = $(patsubst %/,%,$(dir $^))
# automatic
%F = $(notdir $%)
# environment
VSCODE_CODE_CACHE_PATH = C:\Users\flavi\AppData\Roaming\Code\CachedData\e10f2369d0d9614a452462f2e01cdc4aa9486296
# environment
LANG = C
# default
.LOADED := 
# environment
TMP = /cygdrive/c/Users/flavi/AppData/Local/Temp
# default
.INCLUDE_DIRS := /usr/include
# makefile
MAKEFLAGS = prR
# environment
ONEDRIVE = C:\Users\flavi\OneDrive - 4krnhf
# environment
EFC_8160 = 1
# makefile
CURDIR := /cygdrive/c/Users/flavi/Documents/Aeds_Pratica/tp02-flavia_larissa
# environment
APPLICATION_INSIGHTS_NO_DIAGNOSTIC_CHANNEL = true
# environment
VSCODE_L10N_BUNDLE_LOCATION = file:///c%3A/Users/flavi/.vscode/extensions/ms-ceintl.vscode-language-pack-pt-br-1.94.2024100909/translations/extensions/vscode.json-language-features.i18n.json
# automatic
*D = $(patsubst %/,%,$(dir $*))
# environment
PROGRAMFILES = C:\Program Files
# environment
MFLAGS = -prR
# default
.SHELLFLAGS := -c
# environment
!C: = c:\Users\flavi\Documents\Aeds_Pratica\tp02-flavia_larissa
# environment
COMMONPROGRAMW6432 = C:\Program Files\Common Files
# automatic
 
+D = $(patsubst %/,%,$(dir $+))
# makefile
MAKEFILE_LIST := 
# automatic
@F = $(notdir $@)
# environment
VSCODE_PID = 79564
# automatic
?D = $(patsubst %/,%,$(dir $?))
# automatic
*F = $(notdir $*)
# automatic
<D = $(patsubst %/,%,$(dir $<))
# environment
VSCODE_NLS_CONFIG = {"userLocale":"pt-br","osLocale":"pt-br","resolvedLanguage":"pt-br","defaultMessagesFile":"C:\\Users\\flavi\\AppData\\Local\\Programs\\Microsoft VS Code\\resources\\app\\out\\nls.messages.json","languagePack":{"translationsConfigFile":"C:\\Users\\flavi\\AppData\\Roaming\\Code\\clp\\fd8aff11116315704c2418ae44b10dec.pt-br\\tcf.json","messagesFile":"C:\\Users\\flavi\\AppData\\Roaming\\Code\\clp\\fd8aff11116315704c2418ae44b10dec.pt-br\\e10f2369d0d9614a452462f2e01cdc4aa9486296\\nls.messages.json","corruptMarkerFile":"C:\\Users\\flavi\\AppData\\Roaming\\Code\\clp\\fd8aff11116315704c2418ae44b10dec.pt-br\\corrupted.info"},"locale":"pt-br","availableLanguages":{"*":"pt-br"},"_languagePackId":"fd8aff11116315704c2418ae44b10dec.pt-br","_languagePackSupport":true,"_translationsConfigFile":"C:\\Users\\flavi\\AppData\\Roaming\\Code\\clp\\fd8aff11116315704c2418ae44b10dec.pt-br\\tcf.json","_cacheRoot":"C:\\Users\\flavi\\AppData\\Roaming\\Code\\clp\\fd8aff11116315704c2418ae44b10dec.pt-br","_resolvedLanguagePackCoreLocation":"C:\\Users\\flavi\\AppData\\Roaming\\Code\\clp\\fd8aff11116315704c2418ae44b10dec.pt-br\\e10f2369d0d9614a452462f2e01cdc4aa9486296","_corruptedFile":"C:\\Users\\flavi\\AppData\\Roaming\\Code\\clp\\fd8aff11116315704c2418ae44b10dec.pt-br\\corrupted.info"}
# environment
ONEDRIVECONSUMER = C:\Users\flavi\OneDrive
# default
MAKE_HOST := x86_64-pc-cygwin
# environment
PROGRAMDATA = C:\ProgramData
# default
SHELL := /bin/sh
# environment
HOMEPATH = \Users\flavi
# default
MAKECMDGOALS := all
# environment
DRIVERDATA = C:\Windows\System32\Drivers\DriverData
# environment
COMSPEC = C:\WINDOWS\system32\cmd.exe
# environment
WINDIR = C:\WINDOWS
# environment
MAKELEVEL := 0
# default
MAKE = $(MAKE_COMMAND)
# environment
PATH = /cygdrive/c/Program Files/Common Files/Oracle/Java/javapath:/cygdrive/c/WINDOWS/system32:/cygdrive/c/WINDOWS:/cygdrive/c/WINDOWS/System32/Wbem:/cygdrive/c/WINDOWS/System32/WindowsPowerShell/v1.0:/cygdrive/c/WINDOWS/System32/OpenSSH:/cygdrive/c/msys64/ucrt64/bin:/cygdrive/c/Program Files/Git/cmd:/cygdrive/c/MinGW/bin:/usr/bin:/cygdrive/c/Program Files/NVIDIA Corporation/NVIDIA app/NvDLISR:/cygdrive/c/Program Files (x86)/NVIDIA Corporation/PhysX/Common:/cygdrive/c/Program Files/TortoiseSVN/bin:/cygdrive/c/Users/flavi/AppData/Local/Programs/Python/Python312/Scripts:/cygdrive/c/Users/flavi/AppData/Local/Programs/Python/Python312:/cygdrive/c/Users/flavi/AppData/Local/Programs/Python/Launcher:/cygdrive/c/Users/flavi/AppData/Local/Microsoft/WindowsApps:/cygdrive/c/Program Files/JetBrains/IntelliJ IDEA 2024.2.0.1/bin:/cygdrive/c/Users/flavi/AppData/Local/Programs/Microsoft VS Code/bin:/cygdrive/c/Users/flavi/AppData/Local/GitHubDesktop/bin
# environment
COMPUTERNAME = FLAVIAMARCELLA
# default
MAKEFILES := 
# automatic
^F = $(notdir $^)
# environment
PROMPT = $P$G
# environment
INTELLIJ IDEA = C:\Program Files\JetBrains\IntelliJ IDEA 2024.2.0.1\bin;
# environment
LOGONSERVER = \\FLAVIAMARCELLA
# environment
USERNAME = flavi
# environment
COMMONPROGRAMFILES = C:\Program Files\Common Files
# automatic
?F = $(notdir $?)
# environment
PROGRAMW6432 = C:\Program Files
# environment
PATHEXT = .COM;.EXE;.BAT;.CMD;.VBS;.VBE;.JS;.JSE;.WSF;.WSH;.MSC
# automatic
+F = $(notdir $+)
# environment
ORIGINAL_XDG_CURRENT_DESKTOP = undefined
# environment
USERDOMAIN = FLAVIAMARCELLA
# 'override' directive
GNUMAKEFLAGS := 
# environment
OS = Windows_NT
# environment
__COMPAT_LAYER = DetectorsAppHealth
# makefile
.DEFAULT_GOAL := 
# default
MAKE_VERSION := 4.4.1
# environment
PROGRAMFILES(X86) = C:\Program Files (x86)
# environment
USERDOMAIN_ROAMINGPROFILE = FLAVIAMARCELLA
# environment
NUMBER_OF_PROCESSORS = 8
# environment
PUBLIC = C:\Users\Public
# environment
APPDATA = C:\Users\flavi\AppData\Roaming
# environment
HOMEDRIVE = C:
# environment
PROCESSOR_ARCHITECTURE = AMD64
# environment
VSCODE_AMD_ENTRYPOINT = vs/workbench/api/node/extensionHostProcess
# environment
HOME = /home/flavi
# environment
COMMONPROGRAMFILES(X86) = C:\Program Files (x86)\Common Files
# environment
ELECTRON_RUN_AS_NODE = 1
# environment
TEMP = /cygdrive/c/Users/flavi/AppData/Local/Temp
# environment
VSCODE_IPC_HOOK = \\.\pipe\55369906-1.94.1-main-sock
# environment
TERM = xterm-256color
# default
.RECIPEPREFIX := 
# automatic
<F = $(notdir $<)
# default
SUFFIXES := 
# environment
ALLUSERSPROFILE = C:\ProgramData
# environment
SESSIONNAME = Console
# default
.FEATURES := target-specific order-only second-expansion else-if shortest-stem undefine oneshell nocomment grouped-target extra-prereqs notintermediate shell-export archives jobserver output-sync check-symlink guile load dospaths
# environment
PROCESSOR_REVISION = 1801
# environment
PROCESSOR_IDENTIFIER = AMD64 Family 23 Model 24 Stepping 1, AuthenticAMD
# variable set hash-table stats:
# Load=97/1024=9%, Rehash=0, Collisions=12/117=10%

# Pattern-specific Variable Values

# No pattern-specific variable values.

# Directories


# No files, no impossibilities in 0 directories.

# Implicit Rules

# No implicit rules.

# Files

# Not a target:
c:\Users\flavi\Documents\Aeds_Pratica\tp02-flavia_larissa\$workspace:
#  Implicit rule search has been done.
#  File does not exist.
#  File has not been updated.

# Not a target:
.DEFAULT:
#  Implicit rule search has not been done.
#  Modification time never checked.
#  File has not been updated.

# Not a target:
all:
#  Command line target.
#  Implicit rule search has not been done.
#  Modification time never checked.
#  File has not been updated.

# files hash-table stats:
# Load=4/1024=0%, Rehash=0, Collisions=0/15=0%
# VPATH Search Paths

# No 'vpath' search paths.

# No general ('VPATH' variable) search path.

# strcache buffers: 1 (0) / strings = 6 / storage = 111 B / avg = 18 B
# current buf: size = 8162 B / used = 111 B / count = 6 / avg = 18 B

# strcache performance: lookups = 8 / hit rate = 25%
# hash-table stats:
# Load=6/8192=0%, Rehash=0, Collisions=0/8=0%
# Finished Make data base on Wed Oct  9 11:37:17 2024

 
